[2024-01-27 18:40:28,494] 22 root - INFO - Entered the data ingestion method or componenet
[2024-01-27 18:40:28,510] 25 root - INFO - Read the dataset as dataframe
[2024-01-27 18:40:28,525] 28 root - INFO - Created the raw data file
[2024-01-27 18:40:28,525] 30 root - INFO - splitting the data
[2024-01-27 18:40:28,525] 32 root - INFO - data is splitted
[2024-01-27 18:40:28,541] 36 root - INFO - train and test data files are created
[2024-01-27 18:40:28,541] 37 root - INFO - ingestion has been completed
[2024-01-27 18:40:28,572] 55 root - INFO - read train and test data complete
[2024-01-27 18:40:28,681] 56 root - INFO - Train Dataframe Head : 
   age  sex  target  chest_pain_type  cholestrol  resting_blood_pressure  fasting_blood_sugar  resting_electrocardiogram  max_heart_rate_achieved  exercise_induced_angina  st_depression  st_slope  num_major_vessels  thalassemia
0   62    0       1                0         394                     140                    0                          0                      157                        0            1.2         1                  0            2
1   58    0       1                2         340                     120                    0                          1                      172                        0            0.0         2                  0            2
2   35    1       0                0         198                     120                    0                          1                      130                        1            1.6         1                  0            3
3   53    1       0                0         203                     140                    1                          0                      155                        1            3.1         0                  0            3
4   50    1       1                2         196                     129                    0                          1                      163                        0            0.0         2                  0            2
[2024-01-27 18:40:28,681] 57 root - INFO - Test Dataframe Head : 
   age  sex  target  chest_pain_type  cholestrol  resting_blood_pressure  fasting_blood_sugar  resting_electrocardiogram  max_heart_rate_achieved  exercise_induced_angina  st_depression  st_slope  num_major_vessels  thalassemia
0   52    1       1                0         233                     108                    1                          1                      147                        0            0.1         2                  3            3
1   46    0       1                1         204                     105                    0                          1                      172                        0            0.0         2                  0            2
2   54    1       1                0         239                     140                    0                          1                      160                        0            1.2         2                  0            2
3   70    1       1                1         245                     156                    0                          0                      143                        0            0.0         2                  0            2
4   42    1       1                1         295                     120                    0                          1                      162                        0            0.0         2                  0            2
[2024-01-27 18:40:28,681] 27 root - INFO - Data Transformation initiated
[2024-01-27 18:40:28,681] 34 root - INFO - Numerical Pipeline Initiated
[2024-01-27 18:40:28,681] 68 root - INFO - Splitting input and target features complete
[2024-01-27 18:40:28,681] 85 root - INFO - Exception occured in the initiate_datatransformation
